0 info it worked if it ends with ok
1 verbose cli [ 'node', '/usr/local/bin/npm', 'install', 'express-generator' ]
2 info using npm@1.4.9
3 info using node@v0.10.28
4 verbose node symlink /usr/local/bin/node
5 verbose readDependencies using package.json deps
6 verbose cache add [ 'express-generator', null ]
7 verbose cache add name=undefined spec="express-generator" args=["express-generator",null]
8 verbose parsed url { protocol: null,
8 verbose parsed url   slashes: null,
8 verbose parsed url   auth: null,
8 verbose parsed url   host: null,
8 verbose parsed url   port: null,
8 verbose parsed url   hostname: null,
8 verbose parsed url   hash: null,
8 verbose parsed url   search: null,
8 verbose parsed url   query: null,
8 verbose parsed url   pathname: 'express-generator',
8 verbose parsed url   path: 'express-generator',
8 verbose parsed url   href: 'express-generator' }
9 silly lockFile 198a68d8-express-generator express-generator
10 verbose lock express-generator /Users/rafaeloliveira/.npm/198a68d8-express-generator.lock
11 silly lockFile 198a68d8-express-generator express-generator
12 silly lockFile 198a68d8-express-generator express-generator
13 verbose addNamed [ 'express-generator', '' ]
14 verbose addNamed [ null, '*' ]
15 silly lockFile bd41e3d3-express-generator express-generator@
16 verbose lock express-generator@ /Users/rafaeloliveira/.npm/bd41e3d3-express-generator.lock
17 silly addNameRange { name: 'express-generator', range: '*', hasData: false }
18 verbose url raw express-generator
19 verbose url resolving [ 'https://registry.npmjs.org/', './express-generator' ]
20 verbose url resolved https://registry.npmjs.org/express-generator
21 info trying registry request attempt 1 at 14:31:52
22 verbose etag "BKIQKP0UJ0ZJLCESO3W1YN4BM"
23 http GET https://registry.npmjs.org/express-generator
24 http 304 https://registry.npmjs.org/express-generator
25 silly registry.get cb [ 304,
25 silly registry.get   { date: 'Fri, 30 May 2014 18:31:52 GMT',
25 silly registry.get     server: 'Apache',
25 silly registry.get     via: '1.1 varnish',
25 silly registry.get     'last-modified': 'Fri, 30 May 2014 18:31:52 GMT',
25 silly registry.get     'cache-control': 'max-age=1',
25 silly registry.get     etag: '"BKIQKP0UJ0ZJLCESO3W1YN4BM"',
25 silly registry.get     'x-served-by': 'cache-jfk1029-JFK',
25 silly registry.get     'x-cache': 'HIT',
25 silly registry.get     'x-cache-hits': '1',
25 silly registry.get     'x-timer': 'S1401474712.409458,VS0,VE13',
25 silly registry.get     vary: 'Accept',
25 silly registry.get     'content-length': '0',
25 silly registry.get     'keep-alive': 'timeout=10, max=50',
25 silly registry.get     connection: 'Keep-Alive' } ]
26 verbose etag express-generator from cache
27 silly addNameRange number 2 { name: 'express-generator', range: '*', hasData: true }
28 silly addNameRange versions [ 'express-generator', [ '1.0.0', '3.0.0', '4.0.0', '4.2.0' ] ]
29 verbose addNamed [ 'express-generator', '4.2.0' ]
30 verbose addNamed [ '4.2.0', '4.2.0' ]
31 silly lockFile a399865e-express-generator-4-2-0 express-generator@4.2.0
32 verbose lock express-generator@4.2.0 /Users/rafaeloliveira/.npm/a399865e-express-generator-4-2-0.lock
33 silly lockFile a399865e-express-generator-4-2-0 express-generator@4.2.0
34 silly lockFile a399865e-express-generator-4-2-0 express-generator@4.2.0
35 silly lockFile bd41e3d3-express-generator express-generator@
36 silly lockFile bd41e3d3-express-generator express-generator@
37 silly resolved [ { name: 'express-generator',
37 silly resolved     description: 'Express\' application generator',
37 silly resolved     version: '4.2.0',
37 silly resolved     author: { name: 'TJ Holowaychuk', email: 'tj@vision-media.ca' },
37 silly resolved     contributors: [ [Object], [Object], [Object], [Object] ],
37 silly resolved     dependencies: { commander: '1.3.2', mkdirp: '0.3.5' },
37 silly resolved     keywords:
37 silly resolved      [ 'express',
37 silly resolved        'framework',
37 silly resolved        'sinatra',
37 silly resolved        'web',
37 silly resolved        'rest',
37 silly resolved        'restful',
37 silly resolved        'router',
37 silly resolved        'app',
37 silly resolved        'api' ],
37 silly resolved     repository: { type: 'git', url: 'git://github.com/expressjs/generator' },
37 silly resolved     main: 'bin/express',
37 silly resolved     bin: { express: './bin/express' },
37 silly resolved     engines: { node: '>= 0.8.0' },
37 silly resolved     readme: '[![express logo](http://f.cl.ly/items/0V2S1n0K1i3y1c122g04/Screen%20Shot%202012-04-11%20at%209.59.42%20AM.png)](http://expressjs.com/)\n\n  Fast, unopinionated, minimalist web framework for [node](http://nodejs.org).\n\n  [![Gittip](http://img.shields.io/gittip/visionmedia.png)](https://www.gittip.com/visionmedia/)\n\n## Quick Start\n\n The quickest way to get started with express is to utilize the executable `express(1)` to generate an application as shown below:\n\n Create the app:\n\n    $ npm install -g express-generator\n    $ express /tmp/foo && cd /tmp/foo\n\n Install dependencies:\n\n    $ npm install\n\n Rock and Roll\n\n    $ npm start\n\n## License\n\n(The MIT License)\n\nCopyright (c) 2009-2012 TJ Holowaychuk &lt;tj@vision-media.ca&gt;\n\nPermission is hereby granted, free of charge, to any person obtaining\na copy of this software and associated documentation files (the\n\'Software\'), to deal in the Software without restriction, including\nwithout limitation the rights to use, copy, modify, merge, publish,\ndistribute, sublicense, and/or sell copies of the Software, and to\npermit persons to whom the Software is furnished to do so, subject to\nthe following conditions:\n\nThe above copyright notice and this permission notice shall be\nincluded in all copies or substantial portions of the Software.\n\nTHE SOFTWARE IS PROVIDED \'AS IS\', WITHOUT WARRANTY OF ANY KIND,\nEXPRESS OR IMPLIED, INCLUDING BUT NOT LIMITED TO THE WARRANTIES OF\nMERCHANTABILITY, FITNESS FOR A PARTICULAR PURPOSE AND NONINFRINGEMENT.\nIN NO EVENT SHALL THE AUTHORS OR COPYRIGHT HOLDERS BE LIABLE FOR ANY\nCLAIM, DAMAGES OR OTHER LIABILITY, WHETHER IN AN ACTION OF CONTRACT,\nTORT OR OTHERWISE, ARISING FROM, OUT OF OR IN CONNECTION WITH THE\nSOFTWARE OR THE USE OR OTHER DEALINGS IN THE SOFTWARE.\n',
37 silly resolved     readmeFilename: 'README.md',
37 silly resolved     bugs: { url: 'https://github.com/expressjs/generator/issues' },
37 silly resolved     homepage: 'https://github.com/expressjs/generator',
37 silly resolved     _id: 'express-generator@4.2.0',
37 silly resolved     _shasum: '98ede7b9d1cbab2ece9cd236511ab42f7bd9298a',
37 silly resolved     _from: 'express-generator@',
37 silly resolved     _resolved: 'https://registry.npmjs.org/express-generator/-/express-generator-4.2.0.tgz' } ]
38 info install express-generator@4.2.0 into /Users/rafaeloliveira/Development/Home_Guard
39 info installOne express-generator@4.2.0
40 info /Users/rafaeloliveira/Development/Home_Guard/node_modules/express-generator unbuild
41 info preuninstall express-generator@4.2.0
42 info uninstall express-generator@4.2.0
43 verbose true,/Users/rafaeloliveira/Development/Home_Guard/node_modules,/Users/rafaeloliveira/Development/Home_Guard/node_modules unbuild express-generator@4.2.0
44 verbose /Users/rafaeloliveira/Development/Home_Guard/node_modules/.bin,[object Object] binRoot
45 info /Users/rafaeloliveira/Development/Home_Guard/node_modules/express-generator unbuild
46 info preuninstall express-generator@4.2.0
47 info uninstall express-generator@4.2.0
48 verbose true,/Users/rafaeloliveira/Development/Home_Guard/node_modules,/Users/rafaeloliveira/Development/Home_Guard/node_modules unbuild express-generator@4.2.0
49 verbose /Users/rafaeloliveira/Development/Home_Guard/node_modules/.bin,[object Object] binRoot
50 error error rolling back Error: Refusing to delete: /Users/rafaeloliveira/Development/Home_Guard/node_modules/.bin/express not in /Users/rafaeloliveira/Development/Home_Guard/node_modules/express-generator
50 error error rolling back     at clobberFail (/usr/local/lib/node_modules/npm/lib/utils/gently-rm.js:57:12)
50 error error rolling back     at next (/usr/local/lib/node_modules/npm/lib/utils/gently-rm.js:43:14)
50 error error rolling back     at /usr/local/lib/node_modules/npm/lib/utils/gently-rm.js:52:12
50 error error rolling back     at Object.oncomplete (fs.js:107:15)
50 error error rolling back  express-generator@4.2.0 { [Error: Refusing to delete: /Users/rafaeloliveira/Development/Home_Guard/node_modules/.bin/express not in /Users/rafaeloliveira/Development/Home_Guard/node_modules/express-generator]
50 error error rolling back   code: 'EEXIST',
50 error error rolling back   path: '/Users/rafaeloliveira/Development/Home_Guard/node_modules/.bin/express' }
51 error Refusing to delete: /Users/rafaeloliveira/Development/Home_Guard/node_modules/.bin/express not in /Users/rafaeloliveira/Development/Home_Guard/node_modules/express-generator
File exists: /Users/rafaeloliveira/Development/Home_Guard/node_modules/.bin/express
Move it away, and try again.
52 error System Darwin 13.1.0
53 error command "node" "/usr/local/bin/npm" "install" "express-generator"
54 error cwd /Users/rafaeloliveira/Development/Home_Guard
55 error node -v v0.10.28
56 error npm -v 1.4.9
57 error path /Users/rafaeloliveira/Development/Home_Guard/node_modules/.bin/express
58 error code EEXIST
59 verbose exit [ 1, true ]
